<?xml version="1.0" encoding="UTF-8" ?>
<testsuite tests="6" failures="0" name="junit4Demo.junit.com.NumberUtilTest" time="0.005" errors="0" skipped="0">
  <properties>
[...]
</properties>
  <testcase classname="junit4Demo.junit.com.NumberUtilTest$負の整数同士の場合" name="ひとケタ同士の足し算" time="0.004"/>
  <testcase classname="junit4Demo.junit.com.NumberUtilTest$負の整数同士の場合" name="ひとケタとふたケタの足し算" time="0"/>
  <testcase classname="junit4Demo.junit.com.NumberUtilTest$ゼロが含んだ場合" name="ゼロと負の整数の足し算" time="0.001"/>
  <testcase classname="junit4Demo.junit.com.NumberUtilTest$ゼロが含んだ場合" name="ゼロと正の整数の足し算" time="0"/>
  <testcase classname="junit4Demo.junit.com.NumberUtilTest$正の整数同士の場合" name="ひとケタ同士の足し算" time="0"/>
  <testcase classname="junit4Demo.junit.com.NumberUtilTest$正の整数同士の場合" name="ひとケタとふたケタの足し算" time="0"/>
</testsuite>